Heap:
 garbage-first heap   total 262144K, used 172149K [0x0000000080000000, 0x0000000100000000)
  region size 1024K, 104 young (106496K), 9 survivors (9216K)
 Metaspace       used 89866K, capacity 92521K, committed 92664K, reserved 1130496K
  class space    used 11773K, capacity 12772K, committed 12800K, reserved 1048576K
GC Heap History (20 events):
Event: 0.393 GC heap before
{Heap before GC invocations=0 (full 0):
 garbage-first heap   total 262144K, used 30720K [0x0000000080000000, 0x0000000100000000)
  region size 1024K, 24 young (24576K), 0 survivors (0K)
 Metaspace       used 10203K, capacity 10485K, committed 10624K, reserved 1058816K
  class space    used 1069K, capacity 1139K, committed 1152K, reserved 1048576K
}
Event: 0.394 GC heap after
{Heap after GC invocations=1 (full 0):
 garbage-first heap   total 262144K, used 9270K [0x0000000080000000, 0x0000000100000000)
  region size 1024K, 3 young (3072K), 3 survivors (3072K)
 Metaspace       used 10203K, capacity 10485K, committed 10624K, reserved 1058816K
  class space    used 1069K, capacity 1139K, committed 1152K, reserved 1048576K
}
Event: 1.086 GC heap before
{Heap before GC invocations=1 (full 0):
 garbage-first heap   total 262144K, used 112694K [0x0000000080000000, 0x0000000100000000)
  region size 1024K, 104 young (106496K), 3 survivors (3072K)
 Metaspace       used 20677K, capacity 21133K, committed 21248K, reserved 1067008K
  class space    used 2548K, capacity 2712K, committed 2816K, reserved 1048576K
}
Event: 1.090 GC heap after
{Heap after GC invocations=2 (full 0):
 garbage-first heap   total 262144K, used 16817K [0x0000000080000000, 0x0000000100000000)
  region size 1024K, 11 young (11264K), 11 survivors (11264K)
 Metaspace       used 20677K, capacity 21133K, committed 21248K, reserved 1067008K
  class space    used 2548K, capacity 2712K, committed 2816K, reserved 1048576K
}
Event: 1.267 GC heap before
{Heap before GC invocations=3 (full 0):
 garbage-first heap   total 262144K, used 57777K [0x0000000080000000, 0x0000000100000000)
  region size 1024K, 52 young (53248K), 11 survivors (11264K)
 Metaspace       used 24944K, capacity 25547K, committed 25728K, reserved 1071104K
  class space    used 3197K, capacity 3422K, committed 3456K, reserved 1048576K
}
Event: 1.270 GC heap after
{Heap after GC invocations=4 (full 0):
 garbage-first heap   total 262144K, used 18299K [0x0000000080000000, 0x0000000100000000)
  region size 1024K, 2 young (2048K), 2 survivors (2048K)
 Metaspace       used 24944K, capacity 25547K, committed 25728K, reserved 1071104K
  class space    used 3197K, capacity 3422K, committed 3456K, reserved 1048576K
}
Event: 1.688 GC heap before
{Heap before GC invocations=4 (full 0):
 garbage-first heap   total 262144K, used 86907K [0x0000000080000000, 0x0000000100000000)
  region size 1024K, 70 young (71680K), 2 survivors (2048K)
 Metaspace       used 34854K, capacity 35647K, committed 35840K, reserved 1081344K
  class space    used 4533K, capacity 4839K, committed 4864K, reserved 1048576K
}
Event: 1.693 GC heap after
{Heap after GC invocations=5 (full 0):
 garbage-first heap   total 262144K, used 21917K [0x0000000080000000, 0x0000000100000000)
  region size 1024K, 6 young (6144K), 6 survivors (6144K)
 Metaspace       used 34854K, capacity 35647K, committed 35840K, reserved 1081344K
  class space    used 4533K, capacity 4839K, committed 4864K, reserved 1048576K
}
Event: 2.254 GC heap before
{Heap before GC invocations=6 (full 0):
 garbage-first heap   total 262144K, used 138653K [0x0000000080000000, 0x0000000100000000)
  region size 1024K, 117 young (119808K), 6 survivors (6144K)
 Metaspace       used 44608K, capacity 45610K, committed 45824K, reserved 1089536K
  class space    used 5741K, capacity 6100K, committed 6144K, reserved 1048576K
}
Event: 2.259 GC heap after
{Heap after GC invocations=7 (full 0):
 garbage-first heap   total 262144K, used 29193K [0x0000000080000000, 0x0000000100000000)
  region size 1024K, 13 young (13312K), 13 survivors (13312K)
 Metaspace       used 44608K, capacity 45610K, committed 45824K, reserved 1089536K
  class space    used 5741K, capacity 6100K, committed 6144K, reserved 1048576K
}
Event: 2.866 GC heap before
{Heap before GC invocations=7 (full 0):
 garbage-first heap   total 262144K, used 175625K [0x0000000080000000, 0x0000000100000000)
  region size 1024K, 153 young (156672K), 13 survivors (13312K)
 Metaspace       used 53570K, capacity 54940K, committed 55040K, reserved 1097728K
  class space    used 6881K, capacity 7405K, committed 7424K, reserved 1048576K
}
Event: 2.871 GC heap after
{Heap after GC invocations=8 (full 0):
 garbage-first heap   total 262144K, used 43310K [0x0000000080000000, 0x0000000100000000)
  region size 1024K, 18 young (18432K), 18 survivors (18432K)
 Metaspace       used 53570K, capacity 54940K, committed 55040K, reserved 1097728K
  class space    used 6881K, capacity 7405K, committed 7424K, reserved 1048576K
}
Event: 3.053 GC heap before
{Heap before GC invocations=8 (full 0):
 garbage-first heap   total 262144K, used 74030K [0x0000000080000000, 0x0000000100000000)
  region size 1024K, 49 young (50176K), 18 survivors (18432K)
 Metaspace       used 58445K, capacity 59851K, committed 59904K, reserved 1101824K
  class space    used 7421K, capacity 7928K, committed 7936K, reserved 1048576K
}
Event: 3.062 GC heap after
{Heap after GC invocations=9 (full 0):
 garbage-first heap   total 262144K, used 46561K [0x0000000080000000, 0x0000000100000000)
  region size 1024K, 4 young (4096K), 4 survivors (4096K)
 Metaspace       used 58445K, capacity 59851K, committed 59904K, reserved 1101824K
  class space    used 7421K, capacity 7928K, committed 7936K, reserved 1048576K
}
Event: 3.719 GC heap before
{Heap before GC invocations=10 (full 0):
 garbage-first heap   total 262144K, used 185825K [0x0000000080000000, 0x0000000100000000)
  region size 1024K, 140 young (143360K), 4 survivors (4096K)
 Metaspace       used 69725K, capacity 71356K, committed 71544K, reserved 1112064K
  class space    used 8974K, capacity 9575K, committed 9600K, reserved 1048576K
}
Event: 3.723 GC heap after
{Heap after GC invocations=11 (full 0):
 garbage-first heap   total 262144K, used 54489K [0x0000000080000000, 0x0000000100000000)
  region size 1024K, 11 young (11264K), 11 survivors (11264K)
 Metaspace       used 69725K, capacity 71356K, committed 71544K, reserved 1112064K
  class space    used 8974K, capacity 9575K, committed 9600K, reserved 1048576K
}
Event: 4.506 GC heap before
{Heap before GC invocations=11 (full 0):
 garbage-first heap   total 262144K, used 191705K [0x0000000080000000, 0x0000000100000000)
  region size 1024K, 146 young (149504K), 11 survivors (11264K)
 Metaspace       used 83380K, capacity 85357K, committed 85624K, reserved 1124352K
  class space    used 10850K, capacity 11613K, committed 11648K, reserved 1048576K
}
Event: 4.516 GC heap after
{Heap after GC invocations=12 (full 0):
 garbage-first heap   total 262144K, used 66190K [0x0000000080000000, 0x0000000100000000)
  region size 1024K, 12 young (12288K), 12 survivors (12288K)
 Metaspace       used 83380K, capacity 85357K, committed 85624K, reserved 1124352K
  class space    used 10850K, capacity 11613K, committed 11648K, reserved 1048576K
}
Event: 4.901 GC heap before
{Heap before GC invocations=12 (full 0):
 garbage-first heap   total 262144K, used 195214K [0x0000000080000000, 0x0000000100000000)
  region size 1024K, 139 young (142336K), 12 survivors (12288K)
 Metaspace       used 86446K, capacity 89058K, committed 89208K, reserved 1126400K
  class space    used 11343K, capacity 12341K, committed 12416K, reserved 1048576K
}
Event: 4.909 GC heap after
{Heap after GC invocations=13 (full 0):
 garbage-first heap   total 262144K, used 74869K [0x0000000080000000, 0x0000000100000000)
  region size 1024K, 9 young (9216K), 9 survivors (9216K)
 Metaspace       used 86446K, capacity 89058K, committed 89208K, reserved 1126400K
  class space    used 11343K, capacity 12341K, committed 12416K, reserved 1048576K
}

