# JRE version: OpenJDK Runtime Environment (11.0.12+7) (build 11.0.12+7-b1504.28-7817840)
# Java VM: OpenJDK 64-Bit Server VM (11.0.12+7-b1504.28-7817840, mixed mode, tiered, compressed oops, g1 gc, windows-amd64)
Heap:
 garbage-first heap   total 262144K, used 165369K [0x0000000080000000, 0x0000000100000000)
  region size 1024K, 7 young (7168K), 2 survivors (2048K)
 Metaspace       used 123986K, capacity 127005K, committed 127248K, reserved 1161216K
  class space    used 15239K, capacity 16352K, committed 16384K, reserved 1048576K
GC Heap History (20 events):
Event: 11.170 GC heap before
{Heap before GC invocations=25 (full 0):
 garbage-first heap   total 262144K, used 218955K [0x0000000080000000, 0x0000000100000000)
  region size 1024K, 54 young (55296K), 8 survivors (8192K)
 Metaspace       used 111462K, capacity 114237K, committed 114576K, reserved 1148928K
  class space    used 13803K, capacity 14853K, committed 14976K, reserved 1048576K
}
Event: 11.176 GC heap after
{Heap after GC invocations=26 (full 0):
 garbage-first heap   total 262144K, used 165068K [0x0000000080000000, 0x0000000100000000)
  region size 1024K, 7 young (7168K), 7 survivors (7168K)
 Metaspace       used 111462K, capacity 114237K, committed 114576K, reserved 1148928K
  class space    used 13803K, capacity 14853K, committed 14976K, reserved 1048576K
}
Event: 11.297 GC heap before
{Heap before GC invocations=26 (full 0):
 garbage-first heap   total 262144K, used 209100K [0x0000000080000000, 0x0000000100000000)
  region size 1024K, 50 young (51200K), 7 survivors (7168K)
 Metaspace       used 112328K, capacity 115133K, committed 115344K, reserved 1150976K
  class space    used 13862K, capacity 14917K, committed 14976K, reserved 1048576K
}
Event: 11.304 GC heap after
{Heap after GC invocations=27 (full 0):
 garbage-first heap   total 262144K, used 167887K [0x0000000080000000, 0x0000000100000000)
  region size 1024K, 3 young (3072K), 3 survivors (3072K)
 Metaspace       used 112328K, capacity 115133K, committed 115344K, reserved 1150976K
  class space    used 13862K, capacity 14917K, committed 14976K, reserved 1048576K
}
Event: 11.477 GC heap before
{Heap before GC invocations=28 (full 0):
 garbage-first heap   total 262144K, used 202703K [0x0000000080000000, 0x0000000100000000)
  region size 1024K, 47 young (48128K), 3 survivors (3072K)
 Metaspace       used 113846K, capacity 116598K, committed 116752K, reserved 1150976K
  class space    used 13984K, capacity 15019K, committed 15104K, reserved 1048576K
}
Event: 11.480 GC heap after
{Heap after GC invocations=29 (full 0):
 garbage-first heap   total 262144K, used 159909K [0x0000000080000000, 0x0000000100000000)
  region size 1024K, 5 young (5120K), 5 survivors (5120K)
 Metaspace       used 113846K, capacity 116598K, committed 116752K, reserved 1150976K
  class space    used 13984K, capacity 15019K, committed 15104K, reserved 1048576K
}
Event: 11.501 GC heap before
{Heap before GC invocations=29 (full 0):
 garbage-first heap   total 262144K, used 167077K [0x0000000080000000, 0x0000000100000000)
  region size 1024K, 12 young (12288K), 5 survivors (5120K)
 Metaspace       used 113957K, capacity 116758K, committed 117008K, reserved 1150976K
  class space    used 13996K, capacity 15051K, committed 15104K, reserved 1048576K
}
Event: 11.504 GC heap after
{Heap after GC invocations=30 (full 0):
 garbage-first heap   total 262144K, used 140011K [0x0000000080000000, 0x0000000100000000)
  region size 1024K, 1 young (1024K), 1 survivors (1024K)
 Metaspace       used 113957K, capacity 116758K, committed 117008K, reserved 1150976K
  class space    used 13996K, capacity 15051K, committed 15104K, reserved 1048576K
}
Event: 11.825 GC heap before
{Heap before GC invocations=30 (full 0):
 garbage-first heap   total 262144K, used 194283K [0x0000000080000000, 0x0000000100000000)
  region size 1024K, 55 young (56320K), 1 survivors (1024K)
 Metaspace       used 116115K, capacity 119059K, committed 119312K, reserved 1153024K
  class space    used 14234K, capacity 15273K, committed 15360K, reserved 1048576K
}
Event: 11.831 GC heap after
{Heap after GC invocations=31 (full 0):
 garbage-first heap   total 262144K, used 143373K [0x0000000080000000, 0x0000000100000000)
  region size 1024K, 5 young (5120K), 5 survivors (5120K)
 Metaspace       used 116115K, capacity 119059K, committed 119312K, reserved 1153024K
  class space    used 14234K, capacity 15273K, committed 15360K, reserved 1048576K
}
Event: 12.137 GC heap before
{Heap before GC invocations=32 (full 0):
 garbage-first heap   total 262144K, used 198669K [0x0000000080000000, 0x0000000100000000)
  region size 1024K, 60 young (61440K), 5 survivors (5120K)
 Metaspace       used 119633K, capacity 122612K, committed 122896K, reserved 1157120K
  class space    used 14679K, capacity 15754K, committed 15872K, reserved 1048576K
}
Event: 12.144 GC heap after
{Heap after GC invocations=33 (full 0):
 garbage-first heap   total 262144K, used 146219K [0x0000000080000000, 0x0000000100000000)
  region size 1024K, 7 young (7168K), 7 survivors (7168K)
 Metaspace       used 119633K, capacity 122612K, committed 122896K, reserved 1157120K
  class space    used 14679K, capacity 15754K, committed 15872K, reserved 1048576K
}
Event: 12.160 GC heap before
{Heap before GC invocations=33 (full 0):
 garbage-first heap   total 262144K, used 150315K [0x0000000080000000, 0x0000000100000000)
  region size 1024K, 12 young (12288K), 7 survivors (7168K)
 Metaspace       used 119636K, capacity 122613K, committed 122896K, reserved 1157120K
  class space    used 14679K, capacity 15754K, committed 15872K, reserved 1048576K
}
Event: 12.164 GC heap after
{Heap after GC invocations=34 (full 0):
 garbage-first heap   total 262144K, used 137982K [0x0000000080000000, 0x0000000100000000)
  region size 1024K, 1 young (1024K), 1 survivors (1024K)
 Metaspace       used 119636K, capacity 122613K, committed 122896K, reserved 1157120K
  class space    used 14679K, capacity 15754K, committed 15872K, reserved 1048576K
}
Event: 12.363 GC heap before
{Heap before GC invocations=34 (full 0):
 garbage-first heap   total 262144K, used 198398K [0x0000000080000000, 0x0000000100000000)
  region size 1024K, 61 young (62464K), 1 survivors (1024K)
 Metaspace       used 120863K, capacity 123832K, committed 124048K, reserved 1157120K
  class space    used 14836K, capacity 15908K, committed 16000K, reserved 1048576K
}
Event: 12.368 GC heap after
{Heap after GC invocations=35 (full 0):
 garbage-first heap   total 262144K, used 140820K [0x0000000080000000, 0x0000000100000000)
  region size 1024K, 4 young (4096K), 4 survivors (4096K)
 Metaspace       used 120863K, capacity 123832K, committed 124048K, reserved 1157120K
  class space    used 14836K, capacity 15908K, committed 16000K, reserved 1048576K
}
Event: 12.684 GC heap before
{Heap before GC invocations=36 (full 0):
 garbage-first heap   total 262144K, used 214548K [0x0000000080000000, 0x0000000100000000)
  region size 1024K, 66 young (67584K), 4 survivors (4096K)
 Metaspace       used 123471K, capacity 126516K, committed 126608K, reserved 1159168K
  class space    used 15163K, capacity 16253K, committed 16256K, reserved 1048576K
}
Event: 12.688 GC heap after
{Heap after GC invocations=37 (full 0):
 garbage-first heap   total 262144K, used 160515K [0x0000000080000000, 0x0000000100000000)
  region size 1024K, 9 young (9216K), 9 survivors (9216K)
 Metaspace       used 123471K, capacity 126516K, committed 126608K, reserved 1159168K
  class space    used 15163K, capacity 16253K, committed 16256K, reserved 1048576K
}
Event: 12.713 GC heap before
{Heap before GC invocations=37 (full 0):
 garbage-first heap   total 262144K, used 163587K [0x0000000080000000, 0x0000000100000000)
  region size 1024K, 12 young (12288K), 9 survivors (9216K)
 Metaspace       used 123718K, capacity 126749K, committed 126992K, reserved 1161216K
  class space    used 15199K, capacity 16288K, committed 16384K, reserved 1048576K
}
Event: 12.716 GC heap after
{Heap after GC invocations=38 (full 0):
 garbage-first heap   total 262144K, used 161273K [0x0000000080000000, 0x0000000100000000)
  region size 1024K, 2 young (2048K), 2 survivors (2048K)
 Metaspace       used 123718K, capacity 126749K, committed 126992K, reserved 1161216K
  class space    used 15199K, capacity 16288K, committed 16384K, reserved 1048576K
}

